[2024-01-14 22:06:19.647] [INFO ] [main] com.example.gdsc.GdscApplication Starting GdscApplication using Java 17.0.8 on DESKTOP-ID3SP1E with PID 20068 (C:\Users\OSL\Desktop\GDSC_Study\gdsc\build\classes\java\main started by OSL in C:\Users\OSL\Desktop\GDSC_Study)
[2024-01-14 22:06:19.656] [INFO ] [main] com.example.gdsc.GdscApplication No active profile set, falling back to default profiles: default
[2024-01-14 22:06:20.603] [INFO ] [main] org.springframework.data.repository.config.RepositoryConfigurationDelegate Bootstrapping Spring Data JPA repositories in DEFAULT mode.
[2024-01-14 22:06:20.672] [INFO ] [main] org.springframework.data.repository.config.RepositoryConfigurationDelegate Finished Spring Data repository scanning in 58 ms. Found 1 JPA repository interfaces.
[2024-01-14 22:06:21.381] [INFO ] [main] org.springframework.boot.web.embedded.tomcat.TomcatWebServer Tomcat initialized with port(s): 8080 (http)
[2024-01-14 22:06:21.393] [INFO ] [main] org.apache.coyote.http11.Http11NioProtocol Initializing ProtocolHandler ["http-nio-8080"]
[2024-01-14 22:06:21.393] [INFO ] [main] org.apache.catalina.core.StandardService Starting service [Tomcat]
[2024-01-14 22:06:21.393] [INFO ] [main] org.apache.catalina.core.StandardEngine Starting Servlet engine: [Apache Tomcat/9.0.41]
[2024-01-14 22:06:21.511] [INFO ] [main] org.apache.catalina.core.ContainerBase.[Tomcat].[localhost].[/] Initializing Spring embedded WebApplicationContext
[2024-01-14 22:06:21.511] [INFO ] [main] org.springframework.boot.web.servlet.context.ServletWebServerApplicationContext Root WebApplicationContext: initialization completed in 1798 ms
[2024-01-14 22:06:21.753] [INFO ] [main] org.hibernate.jpa.internal.util.LogHelper HHH000204: Processing PersistenceUnitInfo [name: default]
[2024-01-14 22:06:21.835] [INFO ] [main] org.hibernate.Version HHH000412: Hibernate ORM core version 5.4.27.Final
[2024-01-14 22:06:22.046] [INFO ] [main] org.hibernate.annotations.common.Version HCANN000001: Hibernate Commons Annotations {5.1.2.Final}
[2024-01-14 22:06:22.184] [INFO ] [main] com.zaxxer.hikari.HikariDataSource HikariPool-1 - Starting...
[2024-01-14 22:06:22.266] [INFO ] [main] com.zaxxer.hikari.HikariDataSource HikariPool-1 - Start completed.
[2024-01-14 22:06:22.288] [INFO ] [main] org.hibernate.dialect.Dialect HHH000400: Using dialect: org.hibernate.dialect.MariaDBDialect
[2024-01-14 22:06:22.944] [INFO ] [main] org.hibernate.engine.transaction.jta.platform.internal.JtaPlatformInitiator HHH000490: Using JtaPlatform implementation: [org.hibernate.engine.transaction.jta.platform.internal.NoJtaPlatform]
[2024-01-14 22:06:22.952] [INFO ] [main] org.springframework.orm.jpa.LocalContainerEntityManagerFactoryBean Initialized JPA EntityManagerFactory for persistence unit 'default'
[2024-01-14 22:06:23.435] [WARN ] [main] org.springframework.boot.autoconfigure.orm.jpa.JpaBaseConfiguration$JpaWebConfiguration spring.jpa.open-in-view is enabled by default. Therefore, database queries may be performed during view rendering. Explicitly configure spring.jpa.open-in-view to disable this warning
[2024-01-14 22:06:23.587] [INFO ] [main] springfox.documentation.spring.web.PropertySourcedRequestMappingHandlerMapping Mapped URL path [/v2/api-docs] onto method [springfox.documentation.swagger2.web.Swagger2Controller#getDocumentation(String, HttpServletRequest)]
[2024-01-14 22:06:23.683] [INFO ] [main] org.springframework.scheduling.concurrent.ThreadPoolTaskExecutor Initializing ExecutorService 'applicationTaskExecutor'
[2024-01-14 22:06:23.775] [WARN ] [main] org.springframework.boot.autoconfigure.mustache.MustacheAutoConfiguration Cannot find template location: classpath:/templates/ (please add some templates, check your Mustache configuration, or set spring.mustache.check-template-location=false)
[2024-01-14 22:06:23.812] [WARN ] [main] org.springframework.boot.autoconfigure.thymeleaf.ThymeleafAutoConfiguration$DefaultTemplateResolverConfiguration Cannot find template location: classpath:/templates/ (please add some templates or check your Thymeleaf configuration)
[2024-01-14 22:06:23.937] [INFO ] [main] org.apache.coyote.http11.Http11NioProtocol Starting ProtocolHandler ["http-nio-8080"]
[2024-01-14 22:06:23.990] [INFO ] [main] org.springframework.boot.web.embedded.tomcat.TomcatWebServer Tomcat started on port(s): 8080 (http) with context path ''
[2024-01-14 22:06:23.991] [INFO ] [main] springfox.documentation.spring.web.plugins.DocumentationPluginsBootstrapper Context refreshed
[2024-01-14 22:06:24.016] [INFO ] [main] springfox.documentation.spring.web.plugins.DocumentationPluginsBootstrapper Found 1 custom documentation plugin(s)
[2024-01-14 22:06:24.045] [INFO ] [main] springfox.documentation.spring.web.scanners.ApiListingReferenceScanner Scanning for api listing references
[2024-01-14 22:06:24.221] [INFO ] [main] com.example.gdsc.GdscApplication Started GdscApplication in 5.049 seconds (JVM running for 5.482)
